Using pre-set license
Built from '2021.3/staging' branch; Version is '2021.3.10f1 (1c7d0df0160b) revision 1867021'; Using compiler version '192829333'; Build Type 'Release'
OS: 'Windows 10  (10.0.19044) 64bit Professional' Language: 'pt' Physical Memory: 12216 MB
BatchMode: 1, IsHumanControllingUs: 0, StartBugReporterOnCrash: 0, Is64bit: 1, IsPro: 1

COMMAND LINE ARGUMENTS:
C:\Program Files\Unity 2021.3.10f1\Editor\Unity.exe
-adb2
-batchMode
-noUpm
-name
AssetImportWorker0
-projectPath
C:/Users/Erik/Documents/GitHub/FF7_TCP2022.2/FFVII TCP
-logFile
Logs/AssetImportWorker0.log
-srvPort
49972
Successfully changed project path to: C:/Users/Erik/Documents/GitHub/FF7_TCP2022.2/FFVII TCP
C:/Users/Erik/Documents/GitHub/FF7_TCP2022.2/FFVII TCP
[UnityMemory] Configuration Parameters - Can be set up in boot.config
    "memorysetup-bucket-allocator-granularity=16"
    "memorysetup-bucket-allocator-bucket-count=8"
    "memorysetup-bucket-allocator-block-size=33554432"
    "memorysetup-bucket-allocator-block-count=8"
    "memorysetup-main-allocator-block-size=16777216"
    "memorysetup-thread-allocator-block-size=16777216"
    "memorysetup-gfx-main-allocator-block-size=16777216"
    "memorysetup-gfx-thread-allocator-block-size=16777216"
    "memorysetup-cache-allocator-block-size=4194304"
    "memorysetup-typetree-allocator-block-size=2097152"
    "memorysetup-profiler-bucket-allocator-granularity=16"
    "memorysetup-profiler-bucket-allocator-bucket-count=8"
    "memorysetup-profiler-bucket-allocator-block-size=33554432"
    "memorysetup-profiler-bucket-allocator-block-count=8"
    "memorysetup-profiler-allocator-block-size=16777216"
    "memorysetup-profiler-editor-allocator-block-size=1048576"
    "memorysetup-temp-allocator-size-main=16777216"
    "memorysetup-job-temp-allocator-block-size=2097152"
    "memorysetup-job-temp-allocator-block-size-background=1048576"
    "memorysetup-job-temp-allocator-reduction-small-platforms=262144"
    "memorysetup-temp-allocator-size-background-worker=32768"
    "memorysetup-temp-allocator-size-job-worker=262144"
    "memorysetup-temp-allocator-size-preload-manager=33554432"
    "memorysetup-temp-allocator-size-nav-mesh-worker=65536"
    "memorysetup-temp-allocator-size-audio-worker=65536"
    "memorysetup-temp-allocator-size-cloud-worker=32768"
    "memorysetup-temp-allocator-size-gi-baking-worker=262144"
    "memorysetup-temp-allocator-size-gfx=262144"
Refreshing native plugins compatible for Editor in 140.57 ms, found 3 plugins.
Preloading 0 native plugins for Editor in 0.00 ms.
Initialize engine version: 2021.3.10f1 (1c7d0df0160b)
[Subsystems] Discovering subsystems at path C:/Program Files/Unity 2021.3.10f1/Editor/Data/Resources/UnitySubsystems
[Subsystems] Discovering subsystems at path C:/Users/Erik/Documents/GitHub/FF7_TCP2022.2/FFVII TCP/Assets
GfxDevice: creating device client; threaded=0; jobified=0
Direct3D:
    Version:  Direct3D 11.0 [level 11.0]
    Renderer: NVIDIA GeForce GTX 750 Ti (ID=0x1380)
    Vendor:   NVIDIA
    VRAM:     2007 MB
    Driver:   31.0.15.1694
Initialize mono
Mono path[0] = 'C:/Program Files/Unity 2021.3.10f1/Editor/Data/Managed'
Mono path[1] = 'C:/Program Files/Unity 2021.3.10f1/Editor/Data/MonoBleedingEdge/lib/mono/unityjit-win32'
Mono config path = 'C:/Program Files/Unity 2021.3.10f1/Editor/Data/MonoBleedingEdge/etc'
Using monoOptions --debugger-agent=transport=dt_socket,embedding=1,server=y,suspend=n,address=127.0.0.1:56076
Begin MonoManager ReloadAssembly
Registering precompiled unity dll's ...
Register platform support module: C:/Program Files/Unity 2021.3.10f1/Editor/Data/PlaybackEngines/WindowsStandaloneSupport/UnityEditor.WindowsStandalone.Extensions.dll
Registered in 0.008605 seconds.
Native extension for WindowsStandalone target not found
Refreshing native plugins compatible for Editor in 136.51 ms, found 3 plugins.
Preloading 0 native plugins for Editor in 0.00 ms.
Mono: successfully reloaded assembly
- Completed reload, in  1.141 seconds
Domain Reload Profiling:
	ReloadAssembly (1141ms)
		BeginReloadAssembly (126ms)
			ExecutionOrderSort (0ms)
			DisableScriptedObjects (0ms)
			BackupInstance (0ms)
			ReleaseScriptingObjects (0ms)
			CreateAndSetChildDomain (1ms)
		EndReloadAssembly (826ms)
			LoadAssemblies (121ms)
			RebuildTransferFunctionScriptingTraits (0ms)
			SetupTypeCache (169ms)
			ReleaseScriptCaches (0ms)
			RebuildScriptCaches (66ms)
			SetupLoadedEditorAssemblies (494ms)
				LogAssemblyErrors (0ms)
				InitializePlatformSupportModulesInManaged (20ms)
				SetLoadedEditorAssemblies (1ms)
				RefreshPlugins (137ms)
				BeforeProcessingInitializeOnLoad (2ms)
				ProcessInitializeOnLoadAttributes (253ms)
				ProcessInitializeOnLoadMethodAttributes (81ms)
				AfterProcessingInitializeOnLoad (0ms)
				EditorAssembliesLoaded (0ms)
			ExecutionOrderSort2 (0ms)
			AwakeInstancesAfterBackupRestoration (0ms)
Platform modules already initialized, skipping
Registering precompiled user dll's ...
Registered in 0.012742 seconds.
Begin MonoManager ReloadAssembly
Symbol file LoadedFromMemory doesn't match image C:\Users\Erik\Documents\GitHub\FF7_TCP2022.2\FFVII TCP\Library\PackageCache\com.unity.visualscripting@1.7.8\Editor\VisualScripting.Core\Dependencies\YamlDotNet\Unity.VisualScripting.YamlDotNet.dll
Symbol file LoadedFromMemory doesn't match image C:\Users\Erik\Documents\GitHub\FF7_TCP2022.2\FFVII TCP\Library\PackageCache\com.unity.visualscripting@1.7.8\Editor\VisualScripting.Core\Dependencies\DotNetZip\Unity.VisualScripting.IonicZip.dll
Native extension for WindowsStandalone target not found
Refreshing native plugins compatible for Editor in 1.33 ms, found 3 plugins.
Preloading 0 native plugins for Editor in 0.00 ms.
Mono: successfully reloaded assembly
- Completed reload, in  2.063 seconds
Domain Reload Profiling:
	ReloadAssembly (2065ms)
		BeginReloadAssembly (233ms)
			ExecutionOrderSort (0ms)
			DisableScriptedObjects (9ms)
			BackupInstance (0ms)
			ReleaseScriptingObjects (0ms)
			CreateAndSetChildDomain (49ms)
		EndReloadAssembly (1582ms)
			LoadAssemblies (165ms)
			RebuildTransferFunctionScriptingTraits (0ms)
			SetupTypeCache (492ms)
			ReleaseScriptCaches (1ms)
			RebuildScriptCaches (131ms)
			SetupLoadedEditorAssemblies (735ms)
				LogAssemblyErrors (0ms)
				InitializePlatformSupportModulesInManaged (10ms)
				SetLoadedEditorAssemblies (1ms)
				RefreshPlugins (1ms)
				BeforeProcessingInitializeOnLoad (144ms)
				ProcessInitializeOnLoadAttributes (507ms)
				ProcessInitializeOnLoadMethodAttributes (56ms)
				AfterProcessingInitializeOnLoad (16ms)
				EditorAssembliesLoaded (0ms)
			ExecutionOrderSort2 (0ms)
			AwakeInstancesAfterBackupRestoration (16ms)
Platform modules already initialized, skipping
========================================================================
Worker process is ready to serve import requests
Launched and connected shader compiler UnityShaderCompiler.exe after 0.09 seconds
Refreshing native plugins compatible for Editor in 0.82 ms, found 3 plugins.
Preloading 0 native plugins for Editor in 0.00 ms.
Unloading 3572 Unused Serialized files (Serialized files now loaded: 0)
Unloading 40 unused Assets / (184.3 KB). Loaded Objects now: 4029.
Memory consumption went from 125.1 MB to 124.9 MB.
Total: 3.866800 ms (FindLiveObjects: 0.403100 ms CreateObjectMapping: 0.120500 ms MarkObjects: 3.163900 ms  DeleteObjects: 0.177900 ms)

AssetImportParameters requested are different than current active one (requested -> active):
  custom:video-decoder-ogg-theora: a1e56fd34408186e4bbccfd4996cb3dc -> 
  custom:container-muxer-webm: aa71ff27fc2769a1b78a27578f13a17b -> 
  custom:container-demuxer-webm: 4f35f7cbe854078d1ac9338744f61a02 -> 
  custom:video-encoder-webm-vp8: eb34c28f22e8b96e1ab97ce403110664 -> 
  custom:audio-encoder-webm-vorbis: bf7c407c2cedff20999df2af8eb42d56 -> 
  custom:framework-win-MediaFoundation: 216162199b28c13a410421893ffa2e32 -> 
  custom:container-demuxer-ogg: 62fdf1f143b41e24485cea50d1cbac27 -> 
  custom:video-decoder-webm-vp8: 9c59270c3fd7afecdb556c50c9e8de78 -> 
  custom:audio-decoder-ogg-vorbis: bf7c407c2cedff20999df2af8eb42d56 -> 
========================================================================
Received Import Request.
  Time since last request: 1044.477811 seconds.
  path: Assets/Scenes/Cena2.unity
  artifactKey: Guid(4c26e4140dc1a764bac9bbb51d1fca8b) Importer(815301076,1909f56bfc062723c751e8b465ee728b)
Start importing Assets/Scenes/Cena2.unity using Guid(4c26e4140dc1a764bac9bbb51d1fca8b) Importer(815301076,1909f56bfc062723c751e8b465ee728b)  -> (artifact id: 'a4758a730cc43cfc2e31303c7f869dc3') in 0.017719 seconds 
========================================================================
Received Import Request.
  Time since last request: 392.040083 seconds.
  path: Assets/Testes/Cena 2/MaterialCena2/Buraco.mat
  artifactKey: Guid(6e25b888ebf06424680a008de094353e) Importer(815301076,1909f56bfc062723c751e8b465ee728b)
Start importing Assets/Testes/Cena 2/MaterialCena2/Buraco.mat using Guid(6e25b888ebf06424680a008de094353e) Importer(815301076,1909f56bfc062723c751e8b465ee728b)  -> (artifact id: 'a7f5b8bda2429243ed3d027f906c3224') in 0.206363 seconds 
========================================================================
Received Import Request.
  Time since last request: 0.000135 seconds.
  path: Assets/Testes/Cena 2/MaterialCena2/Guarita.2.mat
  artifactKey: Guid(bd23507c797731449aa3b92ec6b64708) Importer(815301076,1909f56bfc062723c751e8b465ee728b)
Start importing Assets/Testes/Cena 2/MaterialCena2/Guarita.2.mat using Guid(bd23507c797731449aa3b92ec6b64708) Importer(815301076,1909f56bfc062723c751e8b465ee728b)  -> (artifact id: '2ee3d5f387ece5e38281e4216607ffbe') in 0.028972 seconds 
========================================================================
Received Import Request.
  Time since last request: 0.000051 seconds.
  path: Assets/Testes/Cena 2/MaterialCena2/Guarita.1.mat
  artifactKey: Guid(cdaa7ebcb6e9d054985e2a6c75885ec6) Importer(815301076,1909f56bfc062723c751e8b465ee728b)
Start importing Assets/Testes/Cena 2/MaterialCena2/Guarita.1.mat using Guid(cdaa7ebcb6e9d054985e2a6c75885ec6) Importer(815301076,1909f56bfc062723c751e8b465ee728b)  -> (artifact id: '1925fdf84dca8425cff53db17f676441') in 0.025653 seconds 
========================================================================
Received Import Request.
  Time since last request: 0.000033 seconds.
  path: Assets/Testes/Cena 2/MaterialCena2/Canos.2.mat
  artifactKey: Guid(8b7d6e57ee78be842ab1ca0fbb1a0e42) Importer(815301076,1909f56bfc062723c751e8b465ee728b)
Start importing Assets/Testes/Cena 2/MaterialCena2/Canos.2.mat using Guid(8b7d6e57ee78be842ab1ca0fbb1a0e42) Importer(815301076,1909f56bfc062723c751e8b465ee728b)  -> (artifact id: '6e61ba77552d5da8c8bd7465faab36b1') in 0.025532 seconds 
========================================================================
Received Import Request.
  Time since last request: 333.861286 seconds.
  path: Assets/Testes/Cena 2/2/Cena2_Poste_Holofote.2.fbx
  artifactKey: Guid(e389b3d0ad0b458479666067b4d2d54a) Importer(815301076,1909f56bfc062723c751e8b465ee728b)
Start importing Assets/Testes/Cena 2/2/Cena2_Poste_Holofote.2.fbx using Guid(e389b3d0ad0b458479666067b4d2d54a) Importer(815301076,1909f56bfc062723c751e8b465ee728b)  -> (artifact id: 'e537dfde92c7fc76d753bbdf50a603a4') in 0.341572 seconds 
========================================================================
Received Import Request.
  Time since last request: 4.633858 seconds.
  path: Assets/Testes/Cena 2/Cena2_14.fbx
  artifactKey: Guid(0a52db6920fbcee4eba92a57707cef33) Importer(815301076,1909f56bfc062723c751e8b465ee728b)
Start importing Assets/Testes/Cena 2/Cena2_14.fbx using Guid(0a52db6920fbcee4eba92a57707cef33) Importer(815301076,1909f56bfc062723c751e8b465ee728b)  -> (artifact id: '7b2dbcc2948433b9e109149bf23cec1e') in 0.201244 seconds 
========================================================================
Received Import Request.
  Time since last request: 41.461176 seconds.
  path: Assets/Testes/Cena 4
  artifactKey: Guid(e77ab5283b8fa7649a0fbfcad97ea419) Importer(815301076,1909f56bfc062723c751e8b465ee728b)
Start importing Assets/Testes/Cena 4 using Guid(e77ab5283b8fa7649a0fbfcad97ea419) Importer(815301076,1909f56bfc062723c751e8b465ee728b)  -> (artifact id: 'fedf9e6b53d2a72c4966df1f39cb6a29') in 0.009255 seconds 
========================================================================
Received Import Request.
  Time since last request: 6.281972 seconds.
  path: Assets/Testes/Cena 5
  artifactKey: Guid(b92295c35c6b3384a9f5f6745aa4f9cf) Importer(815301076,1909f56bfc062723c751e8b465ee728b)
Start importing Assets/Testes/Cena 5 using Guid(b92295c35c6b3384a9f5f6745aa4f9cf) Importer(815301076,1909f56bfc062723c751e8b465ee728b)  -> (artifact id: '0de09f63cc6b12782293d04031e2be93') in 0.009287 seconds 
========================================================================
Received Import Request.
  Time since last request: 128.753049 seconds.
  path: Assets/Scripts/V1/Global/Movimentação.cs
  artifactKey: Guid(1e3ffaffdaf33a946baadd60e43c9ab7) Importer(815301076,1909f56bfc062723c751e8b465ee728b)
Start importing Assets/Scripts/V1/Global/Movimentação.cs using Guid(1e3ffaffdaf33a946baadd60e43c9ab7) Importer(815301076,1909f56bfc062723c751e8b465ee728b)  -> (artifact id: 'c49d91a519728750678cd09822db59c4') in 0.021589 seconds 
========================================================================
Received Import Request.
  Time since last request: 356.227451 seconds.
  path: Assets/Scenes/Batalha.unity
  artifactKey: Guid(ed1e5ade7b6a7e045ae0b83558190861) Importer(815301076,1909f56bfc062723c751e8b465ee728b)
Start importing Assets/Scenes/Batalha.unity using Guid(ed1e5ade7b6a7e045ae0b83558190861) Importer(815301076,1909f56bfc062723c751e8b465ee728b)  -> (artifact id: '51ab12ee8365755d438d6f8b153010d1') in 0.030052 seconds 
